<?xml version="1.0" encoding="UTF-8"?>
<testng-results ignored="0" total="1" passed="0" failed="1" skipped="0">
  <reporter-output>
    <line>
      <![CDATA[==server connected successfully==]]>
    </line>
    <line>
      <![CDATA[==database connected sucessfully==]]>
    </line>
    <line>
      <![CDATA[****Launching chrome browser****]]>
    </line>
    <line>
      <![CDATA[====Browser closed successfully====]]>
    </line>
    <line>
      <![CDATA[==database closed sucessfully==]]>
    </line>
    <line>
      <![CDATA[==server closed sucessfully]]>
    </line>
  </reporter-output>
  <suite started-at="2025-01-20T10:20:06Z" name="Default suite" finished-at="2025-01-20T10:20:17Z" duration-ms="10919">
    <groups>
      <group name="ST">
        <method signature="LoginTest2.loginIntoDemoWeb()[pri:0, instance:com.DemoWebShop.TestScripts.LoginTest2@4f3bbf68]" name="loginIntoDemoWeb" class="com.DemoWebShop.TestScripts.LoginTest2"/>
      </group> <!-- ST -->
      <group name="RT">
        <method signature="LoginTest2.loginIntoDemoWeb()[pri:0, instance:com.DemoWebShop.TestScripts.LoginTest2@4f3bbf68]" name="loginIntoDemoWeb" class="com.DemoWebShop.TestScripts.LoginTest2"/>
      </group> <!-- RT -->
      <group name="FT">
        <method signature="LoginTest2.loginIntoDemoWeb()[pri:0, instance:com.DemoWebShop.TestScripts.LoginTest2@4f3bbf68]" name="loginIntoDemoWeb" class="com.DemoWebShop.TestScripts.LoginTest2"/>
      </group> <!-- FT -->
    </groups>
    <test started-at="2025-01-20T10:20:06Z" name="Default test" finished-at="2025-01-20T10:20:17Z" duration-ms="10919">
      <class name="com.DemoWebShop.TestScripts.LoginTest2">
        <test-method is-config="true" signature="toConnectServer()[pri:0, instance:com.DemoWebShop.TestScripts.LoginTest2@4f3bbf68]" started-at="2025-01-20T10:20:06Z" name="toConnectServer" finished-at="2025-01-20T10:20:06Z" duration-ms="22" status="PASS">
          <reporter-output>
            <line>
              <![CDATA[==server connected successfully==]]>
            </line>
          </reporter-output>
        </test-method> <!-- toConnectServer -->
        <test-method is-config="true" signature="toConnectDatabase()[pri:0, instance:com.DemoWebShop.TestScripts.LoginTest2@4f3bbf68]" started-at="2025-01-20T10:20:06Z" name="toConnectDatabase" finished-at="2025-01-20T10:20:06Z" duration-ms="2" status="PASS">
          <reporter-output>
            <line>
              <![CDATA[==database connected sucessfully==]]>
            </line>
          </reporter-output>
        </test-method> <!-- toConnectDatabase -->
        <test-method is-config="true" signature="setUp(java.lang.String)[pri:0, instance:com.DemoWebShop.TestScripts.LoginTest2@4f3bbf68]" started-at="2025-01-20T10:20:06Z" name="setUp" finished-at="2025-01-20T10:20:13Z" duration-ms="7326" status="PASS">
          <params>
            <param index="0">
              <value>
                <![CDATA[chrome]]>
              </value>
            </param>
          </params>
          <reporter-output>
            <line>
              <![CDATA[****Launching chrome browser****]]>
            </line>
          </reporter-output>
        </test-method> <!-- setUp -->
        <test-method signature="loginIntoDemoWeb()[pri:0, instance:com.DemoWebShop.TestScripts.LoginTest2@4f3bbf68]" started-at="2025-01-20T10:20:13Z" name="loginIntoDemoWeb" finished-at="2025-01-20T10:20:17Z" duration-ms="3195" status="FAIL">
          <exception class="java.lang.AssertionError">
            <message>
              <![CDATA[The following asserts failed:
expected [Demo Web Sho] but found [Demo Web Shop]]]>
            </message>
            <full-stacktrace>
              <![CDATA[java.lang.AssertionError: The following asserts failed:
expected [Demo Web Sho] but found [Demo Web Shop]
at org.testng.asserts.SoftAssert.assertAll(SoftAssert.java:43)
at com.DemoWebShop.TestScripts.LoginTest2.loginIntoDemoWeb(LoginTest2.java:38)
at java.base/jdk.internal.reflect.DirectMethodHandleAccessor.invoke(DirectMethodHandleAccessor.java:104)
at java.base/java.lang.reflect.Method.invoke(Method.java:578)
at org.testng.internal.MethodInvocationHelper.invokeMethod(MethodInvocationHelper.java:124)
at org.testng.internal.Invoker.invokeMethod(Invoker.java:583)
at org.testng.internal.Invoker.invokeTestMethod(Invoker.java:719)
at org.testng.internal.Invoker.invokeTestMethods(Invoker.java:989)
at org.testng.internal.TestMethodWorker.invokeTestMethods(TestMethodWorker.java:125)
at org.testng.internal.TestMethodWorker.run(TestMethodWorker.java:109)
at org.testng.TestRunner.privateRun(TestRunner.java:648)
at org.testng.TestRunner.run(TestRunner.java:505)
at org.testng.SuiteRunner.runTest(SuiteRunner.java:455)
at org.testng.SuiteRunner.runSequentially(SuiteRunner.java:450)
at org.testng.SuiteRunner.privateRun(SuiteRunner.java:415)
at org.testng.SuiteRunner.run(SuiteRunner.java:364)
at org.testng.SuiteRunnerWorker.runSuite(SuiteRunnerWorker.java:52)
at org.testng.SuiteRunnerWorker.run(SuiteRunnerWorker.java:84)
at org.testng.TestNG.runSuitesSequentially(TestNG.java:1208)
at org.testng.TestNG.runSuitesLocally(TestNG.java:1137)
at org.testng.TestNG.runSuites(TestNG.java:1049)
at org.testng.TestNG.run(TestNG.java:1017)
at org.testng.remote.AbstractRemoteTestNG.run(AbstractRemoteTestNG.java:115)
at org.testng.remote.RemoteTestNG.initAndRun(RemoteTestNG.java:293)
at org.testng.remote.RemoteTestNG.main(RemoteTestNG.java:91)
]]>
            </full-stacktrace>
          </exception> <!-- java.lang.AssertionError -->
          <reporter-output>
          </reporter-output>
        </test-method> <!-- loginIntoDemoWeb -->
        <test-method is-config="true" signature="tearDown()[pri:0, instance:com.DemoWebShop.TestScripts.LoginTest2@4f3bbf68]" started-at="2025-01-20T10:20:17Z" name="tearDown" finished-at="2025-01-20T10:20:17Z" duration-ms="355" status="PASS">
          <reporter-output>
            <line>
              <![CDATA[====Browser closed successfully====]]>
            </line>
          </reporter-output>
        </test-method> <!-- tearDown -->
        <test-method is-config="true" signature="toCloseDatabase()[pri:0, instance:com.DemoWebShop.TestScripts.LoginTest2@4f3bbf68]" started-at="2025-01-20T10:20:17Z" name="toCloseDatabase" finished-at="2025-01-20T10:20:17Z" duration-ms="0" status="PASS">
          <reporter-output>
            <line>
              <![CDATA[==database closed sucessfully==]]>
            </line>
          </reporter-output>
        </test-method> <!-- toCloseDatabase -->
        <test-method is-config="true" signature="toCloseServer()[pri:0, instance:com.DemoWebShop.TestScripts.LoginTest2@4f3bbf68]" started-at="2025-01-20T10:20:17Z" name="toCloseServer" finished-at="2025-01-20T10:20:17Z" duration-ms="0" status="PASS">
          <reporter-output>
            <line>
              <![CDATA[==server closed sucessfully]]>
            </line>
          </reporter-output>
        </test-method> <!-- toCloseServer -->
      </class> <!-- com.DemoWebShop.TestScripts.LoginTest2 -->
    </test> <!-- Default test -->
  </suite> <!-- Default suite -->
</testng-results>
